============================= test session starts ==============================
platform linux -- Python 3.12.13, pytest-9.0.3, pluggy-1.6.0
django: version: 6.0.6, settings: endoreg_db.config.settings.test (from env)
rootdir: /home/admin/endoreg-db
configfile: pytest.ini
testpaths: tests/
plugins: typeguard-4.5.2, anyio-4.13.0, cov-7.1.0, django-4.12.0, env-1.6.0, xdist-3.8.0, Faker-40.23.0
collected 168 items

=============================== warnings summary ===============================
.devenv/state/venv/lib/python3.12/site-packages/_pytest/config/__init__.py:858
  /home/admin/endoreg-db/.devenv/state/venv/lib/python3.12/site-packages/_pytest/config/__init__.py:858: PytestAssertRewriteWarning: Module already imported so cannot be rewritten; tests.plugins.cache
    self.import_plugin(import_spec)

.devenv/state/venv/lib/python3.12/site-packages/spacy/cli/_util.py:23
  /home/admin/endoreg-db/.devenv/state/venv/lib/python3.12/site-packages/spacy/cli/_util.py:23: DeprecationWarning: Importing 'parser.split_arg_string' is deprecated, it will only be available in 'shell_completion' in Click 9.0.
    from click.parser import split_arg_string

-- Docs: https://docs.pytest.org/en/stable/how-to/capture-warnings.html
============================= 2 warnings in 7.70s ==============================
